Arguments: 
  C:\Program Files\nodejs\node.exe C:\Program Files (x86)\Yarn\bin\yarn.js

PATH: 
  C:\apache-maven-3.6.1\bin;C:\Program Files\nodejs\;C:\Program Files\dotnet\;C:\Program Files (x86)\Yarn\bin\;C:\Program Files\TortoiseSVN\bin;D:\Program Files\Java\jdk1.8.0_181\bin\;C:\Program Files\Git\cmd;C:\Users\Danh dth\AppData\Roaming\npm;C:\Users\Danh dth\AppData\Local\Programs\Microsoft VS Code\bin;C:\Users\Danh dth\AppData\Local\Yarn\bin;C:\Users\Danh dth\AppData\Local\GitHubDesktop\bin

Yarn version: 
  1.16.0

Node version: 
  10.15.3

Platform: 
  win32 x64

Trace: 
  SyntaxError: C:\Users\Danh dth\Desktop\RentBikeAPI\package.json: Unexpected string in JSON at position 560
      at JSON.parse (<anonymous>)
      at C:\Program Files (x86)\Yarn\lib\cli.js:1625:59
      at Generator.next (<anonymous>)
      at step (C:\Program Files (x86)\Yarn\lib\cli.js:304:30)
      at C:\Program Files (x86)\Yarn\lib\cli.js:315:13

npm manifest: 
  {
    "name": "RentBikeAPI",
    "version": "1.0.0",
    "main": "index.js",
    "license": "MIT",
    "scripts": {
      "dev": "cross-env NODE_ENV=dev nodemon --delay 2 --exec babel-node src/index.js",
      "start": "babel-node src/index.js --presets babel-preset-env",
      "build": "babel src -d build",
      "log": "heroku logs --tail",
      "fix": "eslint . --fix"
    },
    "devDependencies": {
      "babel-cli": "^6.26.0",
      "babel-plugin-transform-object-rest-spread": "^6.26.0",
      "babel-preset-env": "^1.7.0",
      "cross-env": "^5.2.0",
      "eslint": "^4.19.1"
      "eslint-config-equimper": "^2.2.2",
      "nodemon": "^1.18.9"
    },
    "dependencies": {
      "bcrypt-nodejs": "^0.0.3",
      "body-parser": "^1.18.3",
      "compression": "^1.7.3",
      "cors": "^2.8.5",
      "excerpt-html": "^1.2.1",
      "express": "^4.16.4",
      "express-validation": "^1.0.2",
      "helmet": "^3.15.0",
      "http-status": "^1.3.1",
      "joi": "^14.3.0",
      "mongoose": "^5.4.0",
      "morgan": "^1.9.1",
      "multer": "^1.4.1",
      "nodemailer": "^6.2.1",
      "passport": "^0.4.0",
      "passport-jwt": "^4.0.0",
      "passport-local": "^1.0.0",
      "sharp": "^0.22.1",
      "slug": "^0.9.3",
      "swagger-ui-express": "^4.0.5"
    }
  }

yarn manifest: 
  No manifest

Lockfile: 
  # THIS IS AN AUTOGENERATED FILE. DO NOT EDIT THIS FILE DIRECTLY.
  # yarn lockfile v1
